-------------------------------------------------------------------------------
Test set: com.manage.order.OrderItemManagementServiceApplicationTests
-------------------------------------------------------------------------------
Tests run: 1, Failures: 0, Errors: 1, Skipped: 0, Time elapsed: 1.028 s <<< FAILURE! - in com.manage.order.OrderItemManagementServiceApplicationTests
com.manage.order.OrderItemManagementServiceApplicationTests  Time elapsed: 1.025 s  <<< ERROR!
java.lang.IllegalStateException: Unable to find a @SpringBootConfiguration, you need to use @ContextConfiguration or @SpringBootTest(classes=...) with your test

